--------------------------------------------------------------------------------
Release 13.2 Trace  (nt)
Copyright (c) 1995-2011 Xilinx, Inc.  All rights reserved.

C:\Xilinx\13.2\ISE_DS\ISE\bin\nt\unwrapped\trce.exe -intstyle ise -v 3 -s 4 -n
3 -fastpaths -xml VGA_Adjust_Speed.twx VGA_Adjust_Speed.ncd -o
VGA_Adjust_Speed.twr VGA_Adjust_Speed.pcf -ucf VGA_Adjust_Speed.ucf

Design file:              VGA_Adjust_Speed.ncd
Physical constraint file: VGA_Adjust_Speed.pcf
Device,package,speed:     xc3s100e,cp132,-4 (PRODUCTION 1.27 2011-06-20)
Report level:             verbose report

Environment Variable      Effect 
--------------------      ------ 
NONE                      No environment variables were set
--------------------------------------------------------------------------------

INFO:Timing:2698 - No timing constraints found, doing default enumeration.
INFO:Timing:2752 - To get complete path coverage, use the unconstrained paths 
   option. All paths that are not constrained will be reported in the 
   unconstrained paths section(s) of the report.
INFO:Timing:3339 - The clock-to-out numbers in this timing report are based on 
   a 50 Ohm transmission line loading model.  For the details of this model, 
   and for more information on accounting for different loading conditions, 
   please see the device datasheet.
INFO:Timing:3390 - This architecture does not support a default System Jitter 
   value, please add SYSTEM_JITTER constraint to the UCF to modify the Clock 
   Uncertainty calculation.
INFO:Timing:3389 - This architecture does not support 'Discrete Jitter' and 
   'Phase Error' calculations, these terms will be zero in the Clock 
   Uncertainty calculation.  Please make appropriate modification to 
   SYSTEM_JITTER to account for the unsupported Discrete Jitter and Phase 
   Error.



Data Sheet report:
-----------------
All values displayed in nanoseconds (ns)

Setup/Hold to clock clk
------------+------------+------------+------------------+--------+
            |Max Setup to|Max Hold to |                  | Clock  |
Source      | clk (edge) | clk (edge) |Internal Clock(s) | Phase  |
------------+------------+------------+------------------+--------+
push<0>     |    4.349(R)|    0.216(R)|clk_BUFGP         |   0.000|
push<1>     |    3.576(R)|    0.282(R)|clk_BUFGP         |   0.000|
rst         |    5.351(R)|    0.572(R)|clk_BUFGP         |   0.000|
------------+------------+------------+------------------+--------+

Clock clk to Pad
------------+------------+------------------+--------+
            | clk (edge) |                  | Clock  |
Destination |   to PAD   |Internal Clock(s) | Phase  |
------------+------------+------------------+--------+
hsync       |    7.686(R)|clk_BUFGP         |   0.000|
rgb<0>      |   16.998(R)|clk_BUFGP         |   0.000|
rgb<1>      |   16.302(R)|clk_BUFGP         |   0.000|
rgb<2>      |   15.786(R)|clk_BUFGP         |   0.000|
vsync       |    7.883(R)|clk_BUFGP         |   0.000|
------------+------------+------------------+--------+

Clock to Setup on destination clock clk
---------------+---------+---------+---------+---------+
               | Src:Rise| Src:Fall| Src:Rise| Src:Fall|
Source Clock   |Dest:Rise|Dest:Rise|Dest:Fall|Dest:Fall|
---------------+---------+---------+---------+---------+
clk            |    6.244|         |         |         |
---------------+---------+---------+---------+---------+

Pad to Pad
---------------+---------------+---------+
Source Pad     |Destination Pad|  Delay  |
---------------+---------------+---------+
switch<0>      |rgb<0>         |    8.156|
switch<1>      |rgb<1>         |    8.100|
switch<2>      |rgb<2>         |    7.888|
---------------+---------------+---------+


Analysis completed Sun Nov 15 23:44:08 2015 
--------------------------------------------------------------------------------

Trace Settings:
-------------------------
Trace Settings 

Peak Memory Usage: 120 MB



